[01.02.2022 18:06:24] Starting FOLauncher 1.06
[01.02.2022 18:06:24]    IE version: 11.0.9600.19963
[01.02.2022 18:06:24]    OS version: Microsoft Windows NT 6.2.9200.0 64-bit
[01.02.2022 18:06:24]    .NET CLR version: 2.0.50727.8813
[01.02.2022 18:06:24]    .NET Supported versions:
[01.02.2022 18:06:24]        v1.0.3705
[01.02.2022 18:06:24]        v1.1.4322
[01.02.2022 18:06:24]        v2.0.50727
[01.02.2022 18:06:24]        v3.0
[01.02.2022 18:06:24]        v3.5
[01.02.2022 18:06:24]        v4.0.30319
[01.02.2022 18:06:24] Webclient initialized
[01.02.2022 18:06:24] Starting ping thread
[01.02.2022 18:06:25] Starting web thread
[01.02.2022 18:06:25] Retrieving MD5
[01.02.2022 18:06:25] Creating ping socket
[01.02.2022 18:06:25] Setting server status [0]
[01.02.2022 18:06:25] Connecting...
[01.02.2022 18:06:25] Невозможно разрешить удаленное имя: 'fonline2238.net'
[01.02.2022 18:06:29] Exiting application
